Determining if the pthread_create exist failed with the following output:
Change Dir: /home/csmajs/agarc305/labs/design-Ex-s/GoogleUnitTests-Setup/CMakeFiles/CMakeTmp

Run Build Command:"/usr/bin/gmake" "cmTC_5144c/fast"
/usr/bin/gmake -f CMakeFiles/cmTC_5144c.dir/build.make CMakeFiles/cmTC_5144c.dir/build
gmake[1]: Entering directory `/home/csmajs/agarc305/labs/design-Ex-s/GoogleUnitTests-Setup/CMakeFiles/CMakeTmp'
Building C object CMakeFiles/cmTC_5144c.dir/CheckSymbolExists.c.o
/usr/bin/cc    -o CMakeFiles/cmTC_5144c.dir/CheckSymbolExists.c.o   -c /home/csmajs/agarc305/labs/design-Ex-s/GoogleUnitTests-Setup/CMakeFiles/CMakeTmp/CheckSymbolExists.c
Linking C executable cmTC_5144c
/usr/bin/cmake3 -E cmake_link_script CMakeFiles/cmTC_5144c.dir/link.txt --verbose=1
/usr/bin/cc      -rdynamic CMakeFiles/cmTC_5144c.dir/CheckSymbolExists.c.o  -o cmTC_5144c 
CMakeFiles/cmTC_5144c.dir/CheckSymbolExists.c.o: In function `main':
CheckSymbolExists.c:(.text+0x16): undefined reference to `pthread_create'
collect2: error: ld returned 1 exit status
gmake[1]: *** [cmTC_5144c] Error 1
gmake[1]: Leaving directory `/home/csmajs/agarc305/labs/design-Ex-s/GoogleUnitTests-Setup/CMakeFiles/CMakeTmp'
gmake: *** [cmTC_5144c/fast] Error 2

File /home/csmajs/agarc305/labs/design-Ex-s/GoogleUnitTests-Setup/CMakeFiles/CMakeTmp/CheckSymbolExists.c:
/* */
#include <pthread.h>

int main(int argc, char** argv)
{
  (void)argv;
#ifndef pthread_create
  return ((int*)(&pthread_create))[argc];
#else
  (void)argc;
  return 0;
#endif
}

Determining if the function pthread_create exists in the pthreads failed with the following output:
Change Dir: /home/csmajs/agarc305/labs/design-Ex-s/GoogleUnitTests-Setup/CMakeFiles/CMakeTmp

Run Build Command:"/usr/bin/gmake" "cmTC_6b26c/fast"
/usr/bin/gmake -f CMakeFiles/cmTC_6b26c.dir/build.make CMakeFiles/cmTC_6b26c.dir/build
gmake[1]: Entering directory `/home/csmajs/agarc305/labs/design-Ex-s/GoogleUnitTests-Setup/CMakeFiles/CMakeTmp'
Building C object CMakeFiles/cmTC_6b26c.dir/CheckFunctionExists.c.o
/usr/bin/cc   -DCHECK_FUNCTION_EXISTS=pthread_create   -o CMakeFiles/cmTC_6b26c.dir/CheckFunctionExists.c.o   -c /usr/share/cmake3/Modules/CheckFunctionExists.c
Linking C executable cmTC_6b26c
/usr/bin/cmake3 -E cmake_link_script CMakeFiles/cmTC_6b26c.dir/link.txt --verbose=1
/usr/bin/cc  -DCHECK_FUNCTION_EXISTS=pthread_create    -rdynamic CMakeFiles/cmTC_6b26c.dir/CheckFunctionExists.c.o  -o cmTC_6b26c -lpthreads 
/usr/bin/ld: cannot find -lpthreads
collect2: error: ld returned 1 exit status
gmake[1]: *** [cmTC_6b26c] Error 1
gmake[1]: Leaving directory `/home/csmajs/agarc305/labs/design-Ex-s/GoogleUnitTests-Setup/CMakeFiles/CMakeTmp'
gmake: *** [cmTC_6b26c/fast] Error 2


